生成启动时间为 2015/7/4 20:48:21。
     1>项目“D:\coding\2down\Gragh\大作业\光线追踪\源代码\ray_tracing\ray_tracing\ray_tracing.vcxproj”在节点 2 上(Build 个目标)。
     1>ClCompile:
         C:\Program Files (x86)\Microsoft Visual Studio 12.0\VC\bin\CL.exe /c /Zi /nologo /W3 /WX- /sdl /O2 /Oi /Oy- /GL /D _MBCS /Gm- /EHsc /MD /GS /Gy /fp:precise /Zc:wchar_t /Zc:forScope /Fo"Release\\" /Fd"Release\vc120.pdb" /Gd /TP /analyze- /errorReport:prompt object.cpp
         object.cpp
     1>C:\opencv\build\include\opencv2/core/mat.hpp(1413): warning C4819: 该文件包含不能在当前代码页(936)中表示的字符。请将该文件保存为 Unicode 格式以防止数据丢失
       Link:
         C:\Program Files (x86)\Microsoft Visual Studio 12.0\VC\bin\link.exe /ERRORREPORT:PROMPT /OUT:"D:\coding\2down\Gragh\大作业\光线追踪\源代码\ray_tracing\Release\ray_tracing.exe" /NOLOGO opencv_ts300.lib opencv_world300.lib kernel32.lib user32.lib gdi32.lib winspool.lib comdlg32.lib advapi32.lib shell32.lib ole32.lib oleaut32.lib uuid.lib odbc32.lib odbccp32.lib /MANIFEST /MANIFESTUAC:"level='asInvoker' uiAccess='false'" /manifest:embed /DEBUG /PDB:"D:\coding\2down\Gragh\大作业\光线追踪\源代码\ray_tracing\Release\ray_tracing.pdb" /OPT:REF /OPT:ICF /LTCG /TLBID:1 /DYNAMICBASE /NXCOMPAT /IMPLIB:"D:\coding\2down\Gragh\大作业\光线追踪\源代码\ray_tracing\Release\ray_tracing.lib" /MACHINE:X86 /SAFESEH Release\camera.obj
         Release\color.obj
         Release\main.obj
         Release\object.obj
         Release\rayTracer.obj
         Release\scene.obj
         Release\vector3.obj
         Release\vector3.obj
     1>Release\vector3.obj : warning LNK4042: 对象被多次指定；已忽略多余的指定
         正在生成代码
         已完成代码的生成
         ray_tracing.vcxproj -> D:\coding\2down\Gragh\大作业\光线追踪\源代码\ray_tracing\Release\ray_tracing.exe
     1>已完成生成项目“D:\coding\2down\Gragh\大作业\光线追踪\源代码\ray_tracing\ray_tracing\ray_tracing.vcxproj”(Build 个目标)的操作。

生成成功。

已用时间 00:00:02.39
